# JRE version: OpenJDK Runtime Environment (11.0.11+9) (build 11.0.11+9-b60-7590822)
# Java VM: OpenJDK 64-Bit Server VM (11.0.11+9-b60-7590822, mixed mode, tiered, compressed oops, g1 gc, windows-amd64)
Heap:
 garbage-first heap   total 262144K, used 183915K [0x0000000080000000, 0x0000000100000000)
  region size 1024K, 82 young (83968K), 16 survivors (16384K)
 Metaspace       used 104478K, capacity 106938K, committed 107068K, reserved 1142784K
  class space    used 13364K, capacity 14317K, committed 14336K, reserved 1048576K
GC Heap History (20 events):
Event: 4.659 GC heap before
{Heap before GC invocations=6 (full 0):
 garbage-first heap   total 262144K, used 57044K [0x0000000080000000, 0x0000000100000000)
  region size 1024K, 41 young (41984K), 4 survivors (4096K)
 Metaspace       used 35078K, capacity 35814K, committed 35968K, reserved 1081344K
  class space    used 4567K, capacity 4895K, committed 4992K, reserved 1048576K
}
Event: 4.669 GC heap after
{Heap after GC invocations=7 (full 0):
 garbage-first heap   total 262144K, used 23225K [0x0000000080000000, 0x0000000100000000)
  region size 1024K, 7 young (7168K), 7 survivors (7168K)
 Metaspace       used 35078K, capacity 35814K, committed 35968K, reserved 1081344K
  class space    used 4567K, capacity 4895K, committed 4992K, reserved 1048576K
}
Event: 6.850 GC heap before
{Heap before GC invocations=8 (full 0):
 garbage-first heap   total 262144K, used 133817K [0x0000000080000000, 0x0000000100000000)
  region size 1024K, 111 young (113664K), 7 survivors (7168K)
 Metaspace       used 43966K, capacity 44950K, committed 45184K, reserved 1089536K
  class space    used 5623K, capacity 5984K, committed 6016K, reserved 1048576K
}
Event: 6.861 GC heap after
{Heap after GC invocations=9 (full 0):
 garbage-first heap   total 262144K, used 29637K [0x0000000080000000, 0x0000000100000000)
  region size 1024K, 13 young (13312K), 13 survivors (13312K)
 Metaspace       used 43966K, capacity 44950K, committed 45184K, reserved 1089536K
  class space    used 5623K, capacity 5984K, committed 6016K, reserved 1048576K
}
Event: 9.366 GC heap before
{Heap before GC invocations=9 (full 0):
 garbage-first heap   total 262144K, used 171973K [0x0000000080000000, 0x0000000100000000)
  region size 1024K, 148 young (151552K), 13 survivors (13312K)
 Metaspace       used 53593K, capacity 54945K, committed 55040K, reserved 1097728K
  class space    used 6834K, capacity 7339K, committed 7424K, reserved 1048576K
}
Event: 9.380 GC heap after
{Heap after GC invocations=10 (full 0):
 garbage-first heap   total 262144K, used 44626K [0x0000000080000000, 0x0000000100000000)
  region size 1024K, 19 young (19456K), 19 survivors (19456K)
 Metaspace       used 53593K, capacity 54945K, committed 55040K, reserved 1097728K
  class space    used 6834K, capacity 7339K, committed 7424K, reserved 1048576K
}
Event: 9.870 GC heap before
{Heap before GC invocations=10 (full 0):
 garbage-first heap   total 262144K, used 79442K [0x0000000080000000, 0x0000000100000000)
  region size 1024K, 54 young (55296K), 19 survivors (19456K)
 Metaspace       used 58873K, capacity 60222K, committed 60288K, reserved 1101824K
  class space    used 7495K, capacity 8050K, committed 8064K, reserved 1048576K
}
Event: 9.890 GC heap after
{Heap after GC invocations=11 (full 0):
 garbage-first heap   total 262144K, used 46311K [0x0000000080000000, 0x0000000100000000)
  region size 1024K, 12 young (12288K), 12 survivors (12288K)
 Metaspace       used 58873K, capacity 60222K, committed 60288K, reserved 1101824K
  class space    used 7495K, capacity 8050K, committed 8064K, reserved 1048576K
}
Event: 11.006 GC heap before
{Heap before GC invocations=12 (full 0):
 garbage-first heap   total 262144K, used 155879K [0x0000000080000000, 0x0000000100000000)
  region size 1024K, 118 young (120832K), 12 survivors (12288K)
 Metaspace       used 66342K, capacity 67895K, committed 68132K, reserved 1107968K
  class space    used 8449K, capacity 9015K, committed 9088K, reserved 1048576K
}
Event: 11.016 GC heap after
{Heap after GC invocations=13 (full 0):
 garbage-first heap   total 262144K, used 55247K [0x0000000080000000, 0x0000000100000000)
  region size 1024K, 11 young (11264K), 11 survivors (11264K)
 Metaspace       used 66342K, capacity 67895K, committed 68132K, reserved 1107968K
  class space    used 8449K, capacity 9015K, committed 9088K, reserved 1048576K
}
Event: 12.765 GC heap before
{Heap before GC invocations=13 (full 0):
 garbage-first heap   total 262144K, used 165839K [0x0000000080000000, 0x0000000100000000)
  region size 1024K, 119 young (121856K), 11 survivors (11264K)
 Metaspace       used 75986K, capacity 77611K, committed 77732K, reserved 1116160K
  class space    used 9862K, capacity 10491K, committed 10496K, reserved 1048576K
}
Event: 12.775 GC heap after
{Heap after GC invocations=14 (full 0):
 garbage-first heap   total 262144K, used 61883K [0x0000000080000000, 0x0000000100000000)
  region size 1024K, 7 young (7168K), 7 survivors (7168K)
 Metaspace       used 75986K, capacity 77611K, committed 77732K, reserved 1116160K
  class space    used 9862K, capacity 10491K, committed 10496K, reserved 1048576K
}
Event: 14.307 GC heap before
{Heap before GC invocations=14 (full 0):
 garbage-first heap   total 262144K, used 176571K [0x0000000080000000, 0x0000000100000000)
  region size 1024K, 119 young (121856K), 7 survivors (7168K)
 Metaspace       used 85439K, capacity 87292K, committed 87332K, reserved 1124352K
  class space    used 11165K, capacity 11873K, committed 11904K, reserved 1048576K
}
Event: 14.320 GC heap after
{Heap after GC invocations=15 (full 0):
 garbage-first heap   total 262144K, used 67965K [0x0000000080000000, 0x0000000100000000)
  region size 1024K, 13 young (13312K), 13 survivors (13312K)
 Metaspace       used 85439K, capacity 87292K, committed 87332K, reserved 1124352K
  class space    used 11165K, capacity 11873K, committed 11904K, reserved 1048576K
}
Event: 15.650 GC heap before
{Heap before GC invocations=15 (full 0):
 garbage-first heap   total 262144K, used 183677K [0x0000000080000000, 0x0000000100000000)
  region size 1024K, 127 young (130048K), 13 survivors (13312K)
 Metaspace       used 91758K, capacity 94047K, committed 94244K, reserved 1130496K
  class space    used 12033K, capacity 12915K, committed 12928K, reserved 1048576K
}
Event: 15.664 GC heap after
{Heap after GC invocations=16 (full 0):
 garbage-first heap   total 262144K, used 75875K [0x0000000080000000, 0x0000000100000000)
  region size 1024K, 15 young (15360K), 15 survivors (15360K)
 Metaspace       used 91758K, capacity 94047K, committed 94244K, reserved 1130496K
  class space    used 12033K, capacity 12915K, committed 12928K, reserved 1048576K
}
Event: 17.545 GC heap before
{Heap before GC invocations=16 (full 0):
 garbage-first heap   total 262144K, used 172131K [0x0000000080000000, 0x0000000100000000)
  region size 1024K, 111 young (113664K), 15 survivors (15360K)
 Metaspace       used 98774K, capacity 101088K, committed 101180K, reserved 1136640K
  class space    used 12882K, capacity 13786K, committed 13824K, reserved 1048576K
}
Event: 17.567 GC heap after
{Heap after GC invocations=17 (full 0):
 garbage-first heap   total 262144K, used 81463K [0x0000000080000000, 0x0000000100000000)
  region size 1024K, 14 young (14336K), 14 survivors (14336K)
 Metaspace       used 98774K, capacity 101088K, committed 101180K, reserved 1136640K
  class space    used 12882K, capacity 13786K, committed 13824K, reserved 1048576K
}
Event: 18.752 GC heap before
{Heap before GC invocations=18 (full 0):
 garbage-first heap   total 262144K, used 216631K [0x0000000080000000, 0x0000000100000000)
  region size 1024K, 126 young (129024K), 14 survivors (14336K)
 Metaspace       used 102040K, capacity 104513K, committed 104636K, reserved 1140736K
  class space    used 13182K, capacity 14112K, committed 14208K, reserved 1048576K
}
Event: 18.845 GC heap after
{Heap after GC invocations=19 (full 0):
 garbage-first heap   total 262144K, used 117355K [0x0000000080000000, 0x0000000100000000)
  region size 1024K, 16 young (16384K), 16 survivors (16384K)
 Metaspace       used 102040K, capacity 104513K, committed 104636K, reserved 1140736K
  class space    used 13182K, capacity 14112K, committed 14208K, reserved 1048576K
}

